<?xml version="1.0" encoding="UTF-8"?>
<testsuite name="src.test.java.LoginTests" tests="2" skipped="0" failures="0" errors="0" timestamp="2024-01-24T05:18:46" hostname="QADjango.local" time="10.734">
  <properties/>
  <testcase name="success1logintest()" classname="src.test.java.LoginTests" time="10.276"/>
  <testcase name="successlogintest()" classname="src.test.java.LoginTests" time="0.457"/>
  <system-out><![CDATA[]]></system-out>
  <system-err><![CDATA[SLF4J: No SLF4J providers were found.
SLF4J: Defaulting to no-operation (NOP) logger implementation
SLF4J: See https://www.slf4j.org/codes.html#noProviders for further details.
янв. 24, 2024 8:18:51 AM org.openqa.selenium.remote.service.DriverService$Builder getLogOutput
INFO: Driver logs no longer sent to console by default; https://www.selenium.dev/documentation/webdriver/drivers/service/#setting-log-output
янв. 24, 2024 8:18:52 AM org.openqa.selenium.devtools.CdpVersionFinder findNearestMatch
WARNING: Unable to find CDP implementation matching 120
янв. 24, 2024 8:18:52 AM org.openqa.selenium.chromium.ChromiumDriver lambda$new$4
WARNING: Unable to find version of CDP to use for . You may need to include a dependency on a specific version of the CDP using something similar to `org.seleniumhq.selenium:selenium-devtools-v86:4.10.0` where the version ("v86") matches the version of the chromium-based browser you're using and the version number of the artifact is the same as Selenium's.
]]></system-err>
</testsuite>
